mode: set
github.com/artziel/go-api-service/middleware.go:11.58,13.61 1 1
github.com/artziel/go-api-service/middleware.go:13.61,20.4 2 1
github.com/artziel/go-api-service/middleware.go:23.64,25.61 1 1
github.com/artziel/go-api-service/middleware.go:25.61,27.25 2 1
github.com/artziel/go-api-service/middleware.go:27.25,29.5 1 1
github.com/artziel/go-api-service/middleware.go:29.10,31.5 1 1
github.com/artziel/go-api-service/service.go:37.73,39.30 1 1
github.com/artziel/go-api-service/service.go:43.2,43.27 1 1
github.com/artziel/go-api-service/service.go:47.2,47.26 1 1
github.com/artziel/go-api-service/service.go:51.2,51.25 1 1
github.com/artziel/go-api-service/service.go:55.2,55.19 1 1
github.com/artziel/go-api-service/service.go:59.2,76.12 3 1
github.com/artziel/go-api-service/service.go:39.30,41.3 1 1
github.com/artziel/go-api-service/service.go:43.27,45.3 1 1
github.com/artziel/go-api-service/service.go:47.26,49.3 1 1
github.com/artziel/go-api-service/service.go:51.25,53.3 1 1
github.com/artziel/go-api-service/service.go:55.19,57.3 1 1
github.com/artziel/go-api-service/service.go:79.40,81.2 1 1
github.com/artziel/go-api-service/service.go:83.34,89.2 5 1
github.com/artziel/go-api-service/service.go:91.45,94.24 3 1
github.com/artziel/go-api-service/service.go:94.24,96.3 1 0
github.com/artziel/go-api-service/service.go:99.86,105.16 5 1
github.com/artziel/go-api-service/service.go:109.2,109.12 1 1
github.com/artziel/go-api-service/service.go:105.16,107.3 1 1
github.com/artziel/go-api-service/service.go:112.42,113.28 1 1
github.com/artziel/go-api-service/service.go:118.2,123.65 4 1
github.com/artziel/go-api-service/service.go:113.28,114.87 1 1
github.com/artziel/go-api-service/service.go:114.87,115.14 1 0
github.com/artziel/go-api-service/utilities.go:16.71,18.2 1 1
github.com/artziel/go-api-service/utilities.go:23.78,25.2 1 1
github.com/artziel/go-api-service/utilities.go:30.76,36.2 4 1
github.com/artziel/go-api-service/utilities.go:38.38,42.2 2 1
github.com/artziel/go-api-service/utilities.go:44.84,47.16 3 1
github.com/artziel/go-api-service/utilities.go:54.2,56.12 2 1
github.com/artziel/go-api-service/utilities.go:47.16,49.17 2 1
github.com/artziel/go-api-service/utilities.go:52.3,52.18 1 1
github.com/artziel/go-api-service/utilities.go:49.17,51.4 1 1
github.com/artziel/go-api-service/utilities.go:59.103,63.16 4 1
github.com/artziel/go-api-service/utilities.go:71.2,73.20 2 1
github.com/artziel/go-api-service/utilities.go:63.16,65.17 2 1
github.com/artziel/go-api-service/utilities.go:69.3,69.21 1 1
github.com/artziel/go-api-service/utilities.go:65.17,68.4 2 1
github.com/artziel/go-api-service/utilities.go:76.55,79.20 2 1
github.com/artziel/go-api-service/utilities.go:86.2,86.14 1 1
github.com/artziel/go-api-service/utilities.go:79.20,82.25 2 1
github.com/artziel/go-api-service/utilities.go:82.25,84.4 1 1
github.com/artziel/go-api-service/utilities.go:89.36,93.19 3 1
github.com/artziel/go-api-service/utilities.go:100.2,100.17 1 1
github.com/artziel/go-api-service/utilities.go:93.19,96.44 3 1
github.com/artziel/go-api-service/utilities.go:96.44,98.4 1 1
github.com/artziel/go-api-service/utilities.go:103.36,107.39 3 1
github.com/artziel/go-api-service/utilities.go:111.2,111.17 1 1
github.com/artziel/go-api-service/utilities.go:107.39,109.3 1 1
github.com/artziel/go-api-service/utilities.go:114.41,118.21 3 1
github.com/artziel/go-api-service/utilities.go:122.2,122.11 1 1
github.com/artziel/go-api-service/utilities.go:118.21,120.3 1 1
github.com/artziel/go-api-service/utilities.go:125.44,130.15 4 1
github.com/artziel/go-api-service/utilities.go:133.2,133.15 1 1
github.com/artziel/go-api-service/utilities.go:137.2,137.17 1 1
github.com/artziel/go-api-service/utilities.go:130.15,132.3 1 1
github.com/artziel/go-api-service/utilities.go:133.15,135.3 1 1
