mode: set
github.com/artziel/go-api-service/middleware.go:11.58,13.61 1 1
github.com/artziel/go-api-service/middleware.go:13.61,20.4 2 1
github.com/artziel/go-api-service/middleware.go:23.64,25.61 1 1
github.com/artziel/go-api-service/middleware.go:25.61,27.25 2 1
github.com/artziel/go-api-service/middleware.go:27.25,29.5 1 1
github.com/artziel/go-api-service/middleware.go:29.10,31.5 1 1
github.com/artziel/go-api-service/response.go:11.76,17.2 4 1
github.com/artziel/go-api-service/response.go:22.71,24.2 1 1
github.com/artziel/go-api-service/response.go:29.78,31.2 1 1
github.com/artziel/go-api-service/response.go:37.98,44.2 4 1
github.com/artziel/go-api-service/service.go:33.44,35.30 1 1
github.com/artziel/go-api-service/service.go:39.2,39.27 1 1
github.com/artziel/go-api-service/service.go:43.2,43.26 1 1
github.com/artziel/go-api-service/service.go:47.2,47.25 1 1
github.com/artziel/go-api-service/service.go:51.2,51.19 1 1
github.com/artziel/go-api-service/service.go:55.2,70.12 3 1
github.com/artziel/go-api-service/service.go:35.30,37.3 1 1
github.com/artziel/go-api-service/service.go:39.27,41.3 1 1
github.com/artziel/go-api-service/service.go:43.26,45.3 1 1
github.com/artziel/go-api-service/service.go:47.25,49.3 1 1
github.com/artziel/go-api-service/service.go:51.19,53.3 1 1
github.com/artziel/go-api-service/service.go:73.40,75.2 1 1
github.com/artziel/go-api-service/service.go:77.45,80.24 3 1
github.com/artziel/go-api-service/service.go:80.24,82.3 1 0
github.com/artziel/go-api-service/service.go:85.86,90.2 3 1
github.com/artziel/go-api-service/service.go:92.42,93.28 1 1
github.com/artziel/go-api-service/service.go:98.2,103.65 4 1
github.com/artziel/go-api-service/service.go:93.28,94.87 1 1
github.com/artziel/go-api-service/service.go:94.87,95.14 1 0
github.com/artziel/go-api-service/utilities.go:17.55,21.2 3 1
github.com/artziel/go-api-service/utilities.go:26.61,29.29 2 1
github.com/artziel/go-api-service/utilities.go:33.2,33.43 1 1
github.com/artziel/go-api-service/utilities.go:58.2,58.12 1 1
github.com/artziel/go-api-service/utilities.go:29.29,31.3 1 1
github.com/artziel/go-api-service/utilities.go:33.43,35.16 2 1
github.com/artziel/go-api-service/utilities.go:35.16,37.19 2 1
github.com/artziel/go-api-service/utilities.go:37.19,38.49 1 1
github.com/artziel/go-api-service/utilities.go:39.23,41.36 2 1
github.com/artziel/go-api-service/utilities.go:42.25,43.40 1 1
github.com/artziel/go-api-service/utilities.go:44.43,46.37 2 1
github.com/artziel/go-api-service/utilities.go:47.81,49.42 2 1
github.com/artziel/go-api-service/utilities.go:50.86,52.44 2 1
github.com/artziel/go-api-service/utilities.go:61.38,65.2 2 1
github.com/artziel/go-api-service/utilities.go:67.84,70.16 3 1
github.com/artziel/go-api-service/utilities.go:77.2,79.12 2 1
github.com/artziel/go-api-service/utilities.go:70.16,72.17 2 1
github.com/artziel/go-api-service/utilities.go:75.3,75.18 1 1
github.com/artziel/go-api-service/utilities.go:72.17,74.4 1 1
github.com/artziel/go-api-service/utilities.go:82.103,86.16 4 1
github.com/artziel/go-api-service/utilities.go:94.2,96.20 2 1
github.com/artziel/go-api-service/utilities.go:86.16,88.17 2 1
github.com/artziel/go-api-service/utilities.go:92.3,92.21 1 1
github.com/artziel/go-api-service/utilities.go:88.17,91.4 2 1
github.com/artziel/go-api-service/utilities.go:99.55,102.20 2 1
github.com/artziel/go-api-service/utilities.go:109.2,109.14 1 1
github.com/artziel/go-api-service/utilities.go:102.20,105.25 2 1
github.com/artziel/go-api-service/utilities.go:105.25,107.4 1 1
github.com/artziel/go-api-service/utilities.go:112.36,116.19 3 1
github.com/artziel/go-api-service/utilities.go:123.2,123.17 1 1
github.com/artziel/go-api-service/utilities.go:116.19,119.44 3 1
github.com/artziel/go-api-service/utilities.go:119.44,121.4 1 1
github.com/artziel/go-api-service/utilities.go:126.36,130.39 3 1
github.com/artziel/go-api-service/utilities.go:134.2,134.17 1 1
github.com/artziel/go-api-service/utilities.go:130.39,132.3 1 1
github.com/artziel/go-api-service/utilities.go:137.41,141.21 3 1
github.com/artziel/go-api-service/utilities.go:145.2,145.11 1 1
github.com/artziel/go-api-service/utilities.go:141.21,143.3 1 1
github.com/artziel/go-api-service/utilities.go:148.44,153.15 4 1
github.com/artziel/go-api-service/utilities.go:156.2,156.15 1 1
github.com/artziel/go-api-service/utilities.go:160.2,160.17 1 1
github.com/artziel/go-api-service/utilities.go:153.15,155.3 1 1
github.com/artziel/go-api-service/utilities.go:156.15,158.3 1 1
